  Main.cpp
  C:\Program Files (x86)\Windows Kits\8.1\Include\um\dinput.h: DIRECTINPUT_VERSION undefined. Defaulting to version 0x0800
c:\users\hampz\documents\github\directx\edurend17v1_handout\source\vec\math.h(16): warning C4005: 'NDEBUG': macro redefinition
  c:\users\hampz\documents\github\directx\edurend17v1_handout\source\vec\math.h(16): note: command-line arguments:  see previous definition of 'NDEBUG'
c:\users\hampz\documents\github\directx\edurend17v1_handout\source\vec\math.h(48): warning C4244: 'return': conversion from 'int' to 'float', possible loss of data
c:\users\hampz\documents\github\directx\edurend17v1_handout\source\mesh.h(67): warning C4018: '<': signed/unsigned mismatch
c:\users\hampz\documents\github\directx\edurend17v1_handout\source\mesh.h(70): warning C4018: '<': signed/unsigned mismatch
Main.cpp(140): warning C4305: 'argument': truncation from 'double' to 'const float'
Main.cpp(184): warning C4996: 'freopen': This function or variable may be unsafe. Consider using freopen_s instead. To disable deprecation, use _CRT_SECURE_NO_WARNINGS. See online help for details.
  C:\Program Files (x86)\Windows Kits\10\Include\10.0.10240.0\ucrt\stdio.h(240): note: see declaration of 'freopen'
Main.cpp(185): warning C4996: 'freopen': This function or variable may be unsafe. Consider using freopen_s instead. To disable deprecation, use _CRT_SECURE_NO_WARNINGS. See online help for details.
  C:\Program Files (x86)\Windows Kits\10\Include\10.0.10240.0\ucrt\stdio.h(240): note: see declaration of 'freopen'
Main.cpp(186): warning C4996: 'freopen': This function or variable may be unsafe. Consider using freopen_s instead. To disable deprecation, use _CRT_SECURE_NO_WARNINGS. See online help for details.
  C:\Program Files (x86)\Windows Kits\10\Include\10.0.10240.0\ucrt\stdio.h(240): note: see declaration of 'freopen'
Main.cpp(662): warning C4244: '=': conversion from 'int' to 'FLOAT', possible loss of data
Main.cpp(663): warning C4244: '=': conversion from 'int' to 'FLOAT', possible loss of data
c:\users\hampz\documents\github\directx\edurend17v1_handout\source\vec\mat.h(527): warning C4244: 'initializing': conversion from 'double' to 'float', possible loss of data
  c:\users\hampz\documents\github\directx\edurend17v1_handout\source\vec\mat.h(524): note: while compiling class template member function 'linalg::mat4<float> linalg::mat4<float>::rotation(const T &,const T &,const T &,const T &)'
          with
          [
              T=float
          ]
  Main.cpp(133): note: see reference to function template instantiation 'linalg::mat4<float> linalg::mat4<float>::rotation(const T &,const T &,const T &,const T &)' being compiled
          with
          [
              T=float
          ]
  c:\users\hampz\documents\github\directx\edurend17v1_handout\source\vec\mat.h(666): note: see reference to class template instantiation 'linalg::mat4<float>' being compiled
c:\users\hampz\documents\github\directx\edurend17v1_handout\source\vec\vec.h(479): warning C4244: 'argument': conversion from 'double' to 'const float', possible loss of data
  c:\users\hampz\documents\github\directx\edurend17v1_handout\source\mesh.h(57): note: see reference to function template instantiation 'linalg::vec3<float> linalg::normalize<float>(const linalg::vec3<float> &)' being compiled
  Generating code
  0 of 2404 functions ( 0.0%) were compiled, the rest were copied from previous compilation.
    0 functions were new in current compilation
    0 functions had inline decision re-evaluated but remain unchanged
  Finished generating code
DirectXTK.lib(pch.obj) : warning LNK4099: PDB 'DirectXTK.pdb' was not found with 'DirectXTK.lib(pch.obj)' or at 'C:\Users\hampz\Documents\GitHub\DirectX\eduRend17v1_handout\Bin\x86\DirectXTK.pdb'; linking object as if no debug info
DirectXTK.lib(WICTextureLoader.obj) : warning LNK4099: PDB 'DirectXTK.pdb' was not found with 'DirectXTK.lib(WICTextureLoader.obj)' or at 'C:\Users\hampz\Documents\GitHub\DirectX\eduRend17v1_handout\Bin\x86\DirectXTK.pdb'; linking object as if no debug info
  Template.vcxproj -> C:\Users\hampz\Documents\GitHub\DirectX\eduRend17v1_handout\source\../Bin/x86/eduRend.exe
  Template.vcxproj -> C:\Users\hampz\Documents\GitHub\DirectX\eduRend17v1_handout\source\../Bin/x86/eduRend.pdb (Full PDB)
